/home/krishna/Strong_Arm_MPW6/Makefile
/home/krishna/Strong_Arm_MPW6/verilog/dv/Makefile
/home/krishna/Strong_Arm_MPW6/verilog/dv/mprj_por/mprj_por.c
/home/krishna/Strong_Arm_MPW6/verilog/dv/mprj_por/mprj_por_tb.v
/home/krishna/Strong_Arm_MPW6/verilog/dv/mprj_por/Makefile
/home/krishna/Strong_Arm_MPW6/verilog/rtl/uprj_analog_netlists.v
/home/krishna/Strong_Arm_MPW6/verilog/rtl/example_por.v
/home/krishna/Strong_Arm_MPW6/verilog/rtl/user_analog_proj_example.v
/home/krishna/Strong_Arm_MPW6/verilog/rtl/user_analog_project_wrapper.v
/home/krishna/Strong_Arm_MPW6/verilog/rtl/comparator.v
/home/krishna/Strong_Arm_MPW6/precheck_results/31_MAY_2022___08_35_25/logs/tools.info
/home/krishna/Strong_Arm_MPW6/precheck_results/31_MAY_2022___08_35_25/logs/gds.info
/home/krishna/Strong_Arm_MPW6/precheck_results/31_MAY_2022___08_35_25/logs/pdks.info
/home/krishna/Strong_Arm_MPW6/precheck_results/31_MAY_2022___07_11_48/logs/tools.info
/home/krishna/Strong_Arm_MPW6/precheck_results/31_MAY_2022___07_11_48/logs/gds.info
/home/krishna/Strong_Arm_MPW6/precheck_results/31_MAY_2022___07_11_48/logs/pdks.info
/home/krishna/Strong_Arm_MPW6/precheck_results/31_MAY_2022___08_42_48/logs/tools.info
/home/krishna/Strong_Arm_MPW6/precheck_results/31_MAY_2022___08_42_48/logs/gds.info
/home/krishna/Strong_Arm_MPW6/precheck_results/31_MAY_2022___08_42_48/logs/pdks.info
/home/krishna/Strong_Arm_MPW6/mag/sky130_fd_pr__pfet_01v8_AC5Z8B#0.ext
/home/krishna/Strong_Arm_MPW6/mag/compaartor_v4.ext
/home/krishna/Strong_Arm_MPW6/mag/inv_W2.ext
/home/krishna/Strong_Arm_MPW6/mag/sky130_fd_pr__diode_pw2nd_05v5_KLAK3C.ext
/home/krishna/Strong_Arm_MPW6/mag/sky130_fd_pr__diode_pw2nd_05v5_FT7GK8.ext
/home/krishna/Strong_Arm_MPW6/mag/comparator_SA.ext
/home/krishna/Strong_Arm_MPW6/mag/inv_W2#0.ext
/home/krishna/Strong_Arm_MPW6/mag/.magicrc
/home/krishna/Strong_Arm_MPW6/mag/inv_W1#0.ext
/home/krishna/Strong_Arm_MPW6/mag/sky130_fd_pr__nfet_01v8_XJTKXQ#1.ext
/home/krishna/Strong_Arm_MPW6/mag/sky130_fd_pr__nfet_01v8_XJTKXQ.ext
/home/krishna/Strong_Arm_MPW6/mag/sky130_fd_pr__pfet_01v8_AC5Z8B.ext
/home/krishna/Strong_Arm_MPW6/mag/buffer_2#1.ext
/home/krishna/Strong_Arm_MPW6/mag/buffer_1#0.ext
/home/krishna/Strong_Arm_MPW6/mag/sky130_fd_pr__pfet_01v8_5233FE.ext
/home/krishna/Strong_Arm_MPW6/mag/user_analog_project_wrapper.ext
/home/krishna/Strong_Arm_MPW6/mag/buffer_2#0.ext
/home/krishna/Strong_Arm_MPW6/mag/myinv_layout2/inv_W2.ext
/home/krishna/Strong_Arm_MPW6/mag/myinv_layout2/sky130_fd_pr__nfet_01v8_VJWT33.ext
/home/krishna/Strong_Arm_MPW6/mag/myinv_layout2/sky130_fd_pr__nfet_01v8_7RYEVP.ext
/home/krishna/Strong_Arm_MPW6/mag/myinv_layout2/sky130_fd_pr__pfet_01v8_RL4NCG.ext
/home/krishna/Strong_Arm_MPW6/mag/myinv_layout2/sky130_fd_pr__pfet_01v8_5C3Z5B.ext
/home/krishna/Strong_Arm_MPW6/mag/myinv_layout2/sky130_fd_pr__nfet_01v8_KZU588.ext
/home/krishna/Strong_Arm_MPW6/mag/myinv_layout2/inv.ext
/home/krishna/Strong_Arm_MPW6/mag/myinv_layout2/buffer_1.ext
/home/krishna/Strong_Arm_MPW6/mag/myinv_layout2/nmos_1u.ext
/home/krishna/Strong_Arm_MPW6/mag/myinv_layout2/sky130_fd_pr__pfet_01v8_5YYKDE.ext
/home/krishna/Strong_Arm_MPW6/mag/myinv_layout2/inv_W22.ext
/home/krishna/Strong_Arm_MPW6/mag/myinv_layout2/pmos_2uf2.ext
/home/krishna/Strong_Arm_MPW6/mag/myinv_layout2/sky130A.magicrc
/home/krishna/Strong_Arm_MPW6/mag/myinv_layout2/sky130_fd_pr__nfet_01v8_KBWVY9.ext
/home/krishna/Strong_Arm_MPW6/mag/myinv_layout2/sky130_fd_pr__pfet_01v8_3M44SC.ext
/home/krishna/Strong_Arm_MPW6/mag/myinv_layout2/.magicrc
/home/krishna/Strong_Arm_MPW6/mag/myinv_layout2/buffer_2.ext
/home/krishna/Strong_Arm_MPW6/mag/myinv_layout2/inv_W8.ext
/home/krishna/Strong_Arm_MPW6/mag/myinv_layout2/buffer_sample_lay.ext
/home/krishna/Strong_Arm_MPW6/mag/myinv_layout2/sky130_fd_pr__nfet_01v8_XJTKXQ.ext
/home/krishna/Strong_Arm_MPW6/mag/myinv_layout2/sky130_fd_pr__nfet_01v8_QQ4XG9.ext
/home/krishna/Strong_Arm_MPW6/mag/myinv_layout2/sky130_fd_pr__pfet_01v8_AC5Z8B.ext
/home/krishna/Strong_Arm_MPW6/mag/myinv_layout2/inv_W1.ext
/home/krishna/Strong_Arm_MPW6/mag/myinv_layout2/.spiceinit
/home/krishna/Strong_Arm_MPW6/mag/myinv_layout2/buffer_12.ext
/home/krishna/Strong_Arm_MPW6/mag/myinv_layout2/inv_W16.ext
/home/krishna/Strong_Arm_MPW6/mag/latch/SR_latch.ext
/home/krishna/Strong_Arm_MPW6/mag/latch/latch_2SA.ext
/home/krishna/Strong_Arm_MPW6/mag/latch/sky130_fd_pr__pfet_01v8_AC5E9B.ext
/home/krishna/Strong_Arm_MPW6/mag/latch/.magicrc
/home/krishna/Strong_Arm_MPW6/mag/latch/sky130_fd_pr__nfet_01v8_F5U58G.ext
/home/krishna/Strong_Arm_MPW6/mag/latch/latch_2.ext
/home/krishna/Strong_Arm_MPW6/mag/latch/sky130_fd_pr__pfet_01v8_5SVZDE.ext
/home/krishna/Strong_Arm_MPW6/mag/preamp/sky130_fd_pr__nfet_01v8_G6PLX8.ext
/home/krishna/Strong_Arm_MPW6/mag/preamp/preamp_part1SA.ext
/home/krishna/Strong_Arm_MPW6/mag/preamp/.magicrc
/home/krishna/Strong_Arm_MPW6/mag/preamp/sky130_fd_pr__pfet_01v8_5Y8GKB.ext
/home/krishna/Strong_Arm_MPW6/mag/preamp/sky130_fd_pr__nfet_01v8_NHLLAS.ext
/home/krishna/Strong_Arm_MPW6/xschem/xschemrc
/home/krishna/Strong_Arm_MPW6/xschem/comparator_lvs.sch
/home/krishna/Strong_Arm_MPW6/xschem/user_analog_project_wrapper.sym
/home/krishna/Strong_Arm_MPW6/xschem/comparator.sch
/home/krishna/Strong_Arm_MPW6/xschem/comparator.sym
/home/krishna/Strong_Arm_MPW6/xschem/analog_wrapper_tb.sch
/home/krishna/Strong_Arm_MPW6/xschem/user_analog_project_wrapper.sch
/home/krishna/Strong_Arm_MPW6/xschem/.spiceinit
/home/krishna/Strong_Arm_MPW6/xschem/comparator_tb.sch
/home/krishna/Strong_Arm_MPW6/docs/Makefile
/home/krishna/Strong_Arm_MPW6/docs/environment.yml
/home/krishna/Strong_Arm_MPW6/docs/source/conf.py
/home/krishna/Strong_Arm_MPW6/docs/source/index.rst
/home/krishna/Strong_Arm_MPW6/netgen/run_lvs_wrapper_verilog.sh
/home/krishna/Strong_Arm_MPW6/netgen/run_lvs_por.sh
/home/krishna/Strong_Arm_MPW6/netgen/run_lvs_wrapper_xschem.sh
